-------------------------------------------------------------------------------
Test set: TestMessagesPoePart2
-------------------------------------------------------------------------------
Tests run: 8, Failures: 1, Errors: 0, Skipped: 0, Time elapsed: 0.195 s <<< FAILURE! -- in TestMessagesPoePart2
TestMessagesPoePart2.testMessageHashCorrect -- Time elapsed: 0.028 s <<< FAILURE!
org.opentest4j.AssertionFailedError: Hash should follow format: first two digits : message number : first and last words in uppercase ==> expected: <12:0:HITONIGHT> but was: <12:HITONIGHT>
	at org.junit.jupiter.api.AssertionFailureBuilder.build(AssertionFailureBuilder.java:151)
	at org.junit.jupiter.api.AssertionFailureBuilder.buildAndThrow(AssertionFailureBuilder.java:132)
	at org.junit.jupiter.api.AssertEquals.failNotEqual(AssertEquals.java:197)
	at org.junit.jupiter.api.AssertEquals.assertEquals(AssertEquals.java:182)
	at org.junit.jupiter.api.Assertions.assertEquals(Assertions.java:1156)
	at TestMessagesPoePart2.testMessageHashCorrect(TestMessagesPoePart2.java:63)
	at java.base/java.lang.reflect.Method.invoke(Method.java:565)
	at java.base/java.util.ArrayList.forEach(ArrayList.java:1604)
	at java.base/java.util.ArrayList.forEach(ArrayList.java:1604)

